TN:
SF:.scripts/javascript/configs/rollup.2018.mjs
FNF:0
FNH:0
BRDA:1,0,0,1
BRF:1
BRH:1
DA:1,1
DA:2,1
DA:3,1
DA:4,1
DA:5,1
DA:6,1
DA:7,1
DA:8,1
DA:9,1
DA:10,1
DA:11,1
DA:12,1
DA:13,1
DA:14,1
DA:15,1
DA:16,1
DA:17,1
DA:18,1
DA:19,1
DA:20,1
DA:21,1
DA:22,1
DA:23,1
DA:24,1
DA:25,1
DA:26,1
DA:27,1
DA:28,1
DA:29,1
DA:30,1
DA:31,1
DA:32,1
DA:33,1
DA:34,1
DA:35,1
DA:36,1
DA:37,1
DA:38,1
DA:39,1
DA:40,1
DA:41,1
DA:42,1
DA:43,1
LH:43
LF:43
end_of_record
SF:.scripts/javascript/handleESMFile.mjs
FN:8,isProd
FN:18,handleESMFile
FNDA:4,isProd
FNDA:7,handleESMFile
FNF:2
FNH:2
BRDA:1,0,0,1
BRDA:8,1,0,4
BRDA:9,2,0,2
BRDA:9,3,0,2
BRDA:18,4,0,7
BRDA:19,5,0,6
BRDA:19,6,0,2
BRDA:21,7,0,5
BRDA:22,8,0,1
BRDA:24,9,0,4
BRDA:33,10,0,2
BRDA:33,11,0,2
BRDA:34,12,0,4
BRF:13
BRH:13
DA:1,1
DA:2,1
DA:3,1
DA:4,1
DA:5,1
DA:6,1
DA:7,1
DA:8,4
DA:9,4
DA:10,4
DA:11,1
DA:12,1
DA:13,1
DA:14,1
DA:15,1
DA:16,1
DA:17,1
DA:18,7
DA:19,7
DA:20,2
DA:21,2
DA:22,7
DA:23,1
DA:24,1
DA:25,4
DA:26,4
DA:27,4
DA:28,4
DA:29,4
DA:30,4
DA:31,4
DA:32,4
DA:33,7
DA:34,7
DA:35,4
DA:36,4
DA:37,7
DA:38,1
DA:39,1
LH:39
LF:39
end_of_record
SF:.scripts/stylesheets/handleCSSFile.mjs
FN:9,isProd
FN:17,handleCssFile
FNDA:9,isProd
FNDA:6,handleCssFile
FNF:2
FNH:2
BRDA:1,0,0,1
BRDA:9,1,0,9
BRDA:10,2,0,6
BRDA:10,3,0,3
BRDA:17,4,0,6
BRDA:18,5,0,5
BRDA:18,6,0,2
BRDA:20,7,0,4
BRDA:21,8,0,1
BRDA:23,9,0,3
BRDA:40,10,0,2
BRDA:40,11,0,1
BRDA:45,12,0,2
BRDA:48,13,0,3
BRF:14
BRH:14
DA:1,1
DA:2,1
DA:3,1
DA:4,1
DA:5,1
DA:6,1
DA:7,1
DA:8,1
DA:9,9
DA:10,9
DA:11,9
DA:12,1
DA:13,1
DA:14,1
DA:15,1
DA:16,1
DA:17,6
DA:18,6
DA:19,2
DA:20,2
DA:21,6
DA:22,1
DA:23,1
DA:24,3
DA:25,3
DA:26,3
DA:27,3
DA:28,3
DA:29,3
DA:30,3
DA:31,3
DA:32,3
DA:33,3
DA:34,3
DA:35,3
DA:36,3
DA:37,3
DA:38,3
DA:39,3
DA:40,6
DA:41,6
DA:42,6
DA:43,6
DA:44,6
DA:45,6
DA:46,2
DA:47,2
DA:48,2
DA:49,3
DA:50,3
DA:51,6
DA:52,1
DA:53,1
LH:53
LF:53
end_of_record
SF:.scripts/utils/logger.mjs
FN:5,logger
FNDA:7,logger
FNF:1
FNH:1
BRDA:1,0,0,2
BRDA:5,1,0,7
BRF:2
BRH:2
DA:1,2
DA:2,2
DA:3,2
DA:4,2
DA:5,7
DA:6,7
DA:7,7
DA:8,2
DA:9,2
LH:9
LF:9
end_of_record
SF:test/css.test.js
FN:7,anonymous_0
FN:9,anonymous_1
FN:16,anonymous_2
FN:32,anonymous_3
FN:48,anonymous_4
FN:64,anonymous_5
FN:80,anonymous_6
FN:96,anonymous_7
FNDA:1,anonymous_0
FNDA:6,anonymous_1
FNDA:1,anonymous_2
FNDA:1,anonymous_3
FNDA:1,anonymous_4
FNDA:1,anonymous_5
FNDA:1,anonymous_6
FNDA:1,anonymous_7
FNF:8
FNH:8
BRDA:1,0,0,1
BRDA:7,1,0,1
BRDA:9,2,0,6
BRDA:10,3,0,3
BRDA:16,4,0,1
BRDA:32,5,0,1
BRDA:48,6,0,1
BRDA:64,7,0,1
BRDA:80,8,0,1
BRDA:96,9,0,1
BRF:10
BRH:10
DA:1,1
DA:2,1
DA:3,1
DA:4,1
DA:5,1
DA:6,1
DA:7,1
DA:8,1
DA:9,1
DA:10,6
DA:11,1
DA:12,1
DA:13,1
DA:14,1
DA:15,1
DA:16,1
DA:17,1
DA:18,1
DA:19,1
DA:20,1
DA:21,1
DA:22,1
DA:23,1
DA:24,1
DA:25,1
DA:26,1
DA:27,1
DA:28,1
DA:29,1
DA:30,1
DA:31,1
DA:32,1
DA:33,1
DA:34,1
DA:35,1
DA:36,1
DA:37,1
DA:38,1
DA:39,1
DA:40,1
DA:41,1
DA:42,1
DA:43,1
DA:44,1
DA:45,1
DA:46,1
DA:47,1
DA:48,1
DA:49,1
DA:50,1
DA:51,1
DA:52,1
DA:53,1
DA:54,1
DA:55,1
DA:56,1
DA:57,1
DA:58,1
DA:59,1
DA:60,1
DA:61,1
DA:62,1
DA:63,1
DA:64,1
DA:65,1
DA:66,1
DA:67,1
DA:68,1
DA:69,1
DA:70,1
DA:71,1
DA:72,1
DA:73,1
DA:74,1
DA:75,1
DA:76,1
DA:77,1
DA:78,1
DA:79,1
DA:80,1
DA:81,1
DA:82,1
DA:83,1
DA:84,1
DA:85,1
DA:86,1
DA:87,1
DA:88,1
DA:89,1
DA:90,1
DA:91,1
DA:92,1
DA:93,1
DA:94,1
DA:95,1
DA:96,1
DA:97,1
DA:98,1
DA:99,1
DA:100,1
DA:101,1
DA:102,1
DA:103,1
DA:104,1
DA:105,1
DA:106,1
DA:107,1
DA:108,1
LH:108
LF:108
end_of_record
SF:test/mjs.test.js
FN:9,anonymous_0
FN:11,anonymous_1
FN:18,anonymous_2
FN:31,anonymous_3
FN:44,anonymous_4
FN:57,anonymous_5
FN:72,anonymous_6
FN:85,anonymous_7
FN:101,anonymous_8
FNDA:1,anonymous_0
FNDA:7,anonymous_1
FNDA:1,anonymous_2
FNDA:1,anonymous_3
FNDA:1,anonymous_4
FNDA:1,anonymous_5
FNDA:1,anonymous_6
FNDA:1,anonymous_7
FNDA:1,anonymous_8
FNF:9
FNH:9
BRDA:1,0,0,1
BRDA:9,1,0,1
BRDA:11,2,0,7
BRDA:12,3,0,4
BRDA:18,4,0,1
BRDA:25,5,0,0
BRDA:31,6,0,1
BRDA:38,7,0,0
BRDA:44,8,0,1
BRDA:51,9,0,0
BRDA:57,10,0,1
BRDA:72,11,0,1
BRDA:85,12,0,1
BRDA:101,13,0,1
BRF:14
BRH:11
DA:1,1
DA:2,1
DA:3,1
DA:4,1
DA:5,1
DA:6,1
DA:7,1
DA:8,1
DA:9,1
DA:10,1
DA:11,1
DA:12,7
DA:13,1
DA:14,1
DA:15,1
DA:16,1
DA:17,1
DA:18,1
DA:19,1
DA:20,1
DA:21,1
DA:22,1
DA:23,1
DA:24,1
DA:25,1
DA:26,1
DA:27,1
DA:28,1
DA:29,1
DA:30,1
DA:31,1
DA:32,1
DA:33,1
DA:34,1
DA:35,1
DA:36,1
DA:37,1
DA:38,1
DA:39,1
DA:40,1
DA:41,1
DA:42,1
DA:43,1
DA:44,1
DA:45,1
DA:46,1
DA:47,1
DA:48,1
DA:49,1
DA:50,1
DA:51,1
DA:52,1
DA:53,1
DA:54,1
DA:55,1
DA:56,1
DA:57,1
DA:58,1
DA:59,1
DA:60,1
DA:61,1
DA:62,1
DA:63,1
DA:64,1
DA:65,1
DA:66,1
DA:67,1
DA:68,1
DA:69,1
DA:70,1
DA:71,1
DA:72,1
DA:73,1
DA:74,1
DA:75,1
DA:76,1
DA:77,1
DA:78,1
DA:79,1
DA:80,1
DA:81,1
DA:82,1
DA:83,1
DA:84,1
DA:85,1
DA:86,1
DA:87,1
DA:88,1
DA:89,1
DA:90,1
DA:91,1
DA:92,1
DA:93,1
DA:94,1
DA:95,1
DA:96,1
DA:97,1
DA:98,1
DA:99,1
DA:100,1
DA:101,1
DA:102,1
DA:103,1
DA:104,1
DA:105,1
DA:106,1
DA:107,1
DA:108,1
DA:109,1
DA:110,1
DA:111,1
DA:112,1
DA:113,1
DA:114,1
LH:114
LF:114
end_of_record
