TN:
SF:.scripts/javascript/configs/rollup.2022.mjs
FNF:0
FNH:0
BRDA:1,0,0,1
BRF:1
BRH:1
DA:1,1
DA:2,1
DA:3,1
DA:4,1
DA:5,1
DA:6,1
DA:7,1
DA:8,1
DA:9,1
DA:10,1
DA:11,1
DA:12,1
DA:13,1
DA:14,1
DA:15,1
DA:16,1
DA:17,1
DA:18,1
DA:19,1
DA:20,1
DA:21,1
DA:22,1
DA:23,1
DA:24,1
DA:25,1
DA:26,1
DA:27,1
DA:28,1
DA:29,1
DA:30,1
DA:31,1
DA:32,1
DA:33,1
DA:34,1
DA:35,1
DA:36,1
DA:37,1
DA:38,1
LH:38
LF:38
end_of_record
SF:.scripts/javascript/configs/rollup.es5.mjs
FNF:0
FNH:0
BRDA:1,0,0,1
BRF:1
BRH:1
DA:1,1
DA:2,1
DA:3,1
DA:4,1
DA:5,1
DA:6,1
DA:7,1
DA:8,1
DA:9,1
DA:10,1
DA:11,1
DA:12,1
DA:13,1
DA:14,1
DA:15,1
DA:16,1
DA:17,1
DA:18,1
DA:19,1
DA:20,1
DA:21,1
DA:22,1
DA:23,1
DA:24,1
DA:25,1
DA:26,1
DA:27,1
DA:28,1
DA:29,1
DA:30,1
DA:31,1
DA:32,1
DA:33,1
DA:34,1
DA:35,1
DA:36,1
DA:37,1
DA:38,1
DA:39,1
DA:40,1
DA:41,1
DA:42,1
DA:43,1
DA:44,1
DA:45,1
DA:46,1
DA:47,1
LH:47
LF:47
end_of_record
SF:.scripts/javascript/handleES5.mjs
FN:6,isProd
FN:16,handleES5File
FNDA:2,isProd
FNDA:3,handleES5File
FNF:2
FNH:2
BRDA:1,0,0,1
BRDA:6,1,0,2
BRDA:7,2,0,0
BRDA:16,3,0,3
BRDA:17,4,0,0
BRDA:20,5,0,1
BRDA:22,6,0,2
BRDA:31,7,0,1
BRDA:31,8,0,1
BRDA:38,9,0,2
BRF:10
BRH:8
DA:1,1
DA:2,1
DA:3,1
DA:4,1
DA:5,1
DA:6,2
DA:7,2
DA:8,0
DA:9,0
DA:10,2
DA:11,2
DA:12,1
DA:13,1
DA:14,1
DA:15,1
DA:16,3
DA:17,3
DA:18,0
DA:19,0
DA:20,3
DA:21,1
DA:22,1
DA:23,2
DA:24,2
DA:25,2
DA:26,2
DA:27,2
DA:28,2
DA:29,2
DA:30,2
DA:31,3
DA:32,3
DA:33,3
DA:34,3
DA:35,3
DA:36,3
DA:37,3
DA:38,3
DA:39,2
DA:40,2
DA:41,2
DA:42,3
DA:43,1
DA:44,1
LH:40
LF:44
end_of_record
SF:.scripts/javascript/handleESMFile.mjs
FN:6,isProd
FN:18,handleESMFile
FNDA:4,isProd
FNDA:5,handleESMFile
FNF:2
FNH:2
BRDA:1,0,0,1
BRDA:6,1,0,4
BRDA:7,2,0,0
BRDA:18,3,0,5
BRDA:19,4,0,0
BRDA:26,5,0,1
BRDA:28,6,0,4
BRDA:34,7,0,2
BRDA:34,8,0,2
BRDA:39,9,0,4
BRF:10
BRH:8
DA:1,1
DA:2,1
DA:3,1
DA:4,1
DA:5,1
DA:6,4
DA:7,4
DA:8,0
DA:9,0
DA:10,4
DA:11,4
DA:12,1
DA:13,1
DA:14,1
DA:15,1
DA:16,1
DA:17,1
DA:18,5
DA:19,5
DA:20,0
DA:21,0
DA:22,5
DA:23,5
DA:24,5
DA:25,5
DA:26,5
DA:27,1
DA:28,1
DA:29,4
DA:30,4
DA:31,4
DA:32,4
DA:33,4
DA:34,5
DA:35,5
DA:36,5
DA:37,5
DA:38,5
DA:39,5
DA:40,4
DA:41,4
DA:42,4
DA:43,5
DA:44,1
DA:45,1
LH:41
LF:45
end_of_record
SF:.scripts/stylesheets/handleCSSFile.mjs
FN:6,isProd
FN:16,handleCssFile
FNDA:16,isProd
FNDA:6,handleCssFile
FNF:2
FNH:2
BRDA:1,0,0,1
BRDA:6,1,0,16
BRDA:7,2,0,0
BRDA:16,3,0,6
BRDA:17,4,0,0
BRDA:24,5,0,0
BRDA:40,6,0,3
BRDA:41,7,0,2
BRDA:46,8,0,3
BRDA:48,9,0,5
BRF:10
BRH:7
DA:1,1
DA:2,1
DA:3,1
DA:4,1
DA:5,1
DA:6,16
DA:7,16
DA:8,0
DA:9,0
DA:10,16
DA:11,16
DA:12,1
DA:13,1
DA:14,1
DA:15,1
DA:16,6
DA:17,6
DA:18,0
DA:19,0
DA:20,6
DA:21,6
DA:22,6
DA:23,6
DA:24,6
DA:25,0
DA:26,0
DA:27,6
DA:28,6
DA:29,6
DA:30,6
DA:31,6
DA:32,6
DA:33,6
DA:34,6
DA:35,6
DA:36,6
DA:37,6
DA:38,6
DA:39,6
DA:40,6
DA:41,6
DA:42,6
DA:43,6
DA:44,6
DA:45,6
DA:46,6
DA:47,3
DA:48,3
DA:49,5
DA:50,5
DA:51,6
DA:52,1
DA:53,1
LH:47
LF:53
end_of_record
SF:.scripts/stylesheets/handleSCSSFile.mjs
FN:5,isProd
FN:17,handleScssFile
FNDA:18,isProd
FNDA:5,handleScssFile
FNF:2
FNH:2
BRDA:1,0,0,1
BRDA:5,1,0,18
BRDA:6,2,0,0
BRDA:17,3,0,5
BRDA:18,4,0,0
BRDA:25,5,0,4
BRDA:33,6,0,3
BRDA:33,7,0,2
BRDA:40,8,0,2
BRDA:41,9,0,2
BRDA:47,10,0,2
BRDA:49,11,0,4
BRF:12
BRH:10
DA:1,1
DA:2,1
DA:3,1
DA:4,1
DA:5,18
DA:6,18
DA:7,0
DA:8,0
DA:9,18
DA:10,18
DA:11,1
DA:12,1
DA:13,1
DA:14,1
DA:15,1
DA:16,1
DA:17,5
DA:18,5
DA:19,0
DA:20,0
DA:21,5
DA:22,5
DA:23,5
DA:24,5
DA:25,5
DA:26,4
DA:27,4
DA:28,5
DA:29,5
DA:30,5
DA:31,5
DA:32,5
DA:33,5
DA:34,5
DA:35,5
DA:36,5
DA:37,5
DA:38,5
DA:39,5
DA:40,5
DA:41,5
DA:42,5
DA:43,5
DA:44,5
DA:45,5
DA:46,5
DA:47,5
DA:48,2
DA:49,2
DA:50,4
DA:51,4
DA:52,5
DA:53,1
DA:54,1
LH:50
LF:54
end_of_record
